[ 2025-03-11 05:32:39,847 ] 1025 httpx - INFO - HTTP Request: GET https://dagshub.com/api/v1/user "HTTP/1.1 200 OK"
[ 2025-03-11 05:32:39,859 ] 107 dagshub - INFO - Accessing as ayushnigam843
[ 2025-03-11 05:32:43,035 ] 1025 httpx - INFO - HTTP Request: GET https://dagshub.com/api/v1/repos/ayushnigam843/Dynamic-Pricing-Online-Retail "HTTP/1.1 200 OK"
[ 2025-03-11 05:32:44,244 ] 1025 httpx - INFO - HTTP Request: GET https://dagshub.com/api/v1/user "HTTP/1.1 200 OK"
[ 2025-03-11 05:32:44,303 ] 107 dagshub - INFO - Initialized MLflow to track repo "ayushnigam843/Dynamic-Pricing-Online-Retail"
[ 2025-03-11 05:32:44,317 ] 107 dagshub - INFO - Repository ayushnigam843/Dynamic-Pricing-Online-Retail initialized!
[ 2025-03-11 05:32:44,317 ] 21 root - INFO - Initialized DataIngestion with config: <src.entity.config_entity.DataIngestionConfig object at 0x000002BDC7663CB0>
[ 2025-03-11 05:32:44,318 ] 19 root - INFO - Initiate the data ingestion
[ 2025-03-11 05:32:44,318 ] 83 root - INFO - Starting data ingestion process...
[ 2025-03-11 05:32:45,349 ] 35 root - INFO - Fetching data from MongoDB collection: Movies in database: Database(MongoClient(host=['ac-4wygsq7-shard-00-02.zg5uxhv.mongodb.net:27017', 'ac-4wygsq7-shard-00-00.zg5uxhv.mongodb.net:27017', 'ac-4wygsq7-shard-00-01.zg5uxhv.mongodb.net:27017'], document_class=dict, tz_aware=False, connect=True, retrywrites=True, w='majority', appname='Cluster0', authsource='admin', replicaset='atlas-b6u0p2-shard-0', tls=True, tlscafile='C:\\Users\\Ayush\\NCF-Recommendation\\.venv\\Lib\\site-packages\\certifi\\cacert.pem'), 'MLData')
[ 2025-03-11 05:32:47,060 ] 53 root - INFO - DataFrame created for collection Movies with shape: (9742, 3)
[ 2025-03-11 05:32:47,060 ] 35 root - INFO - Fetching data from MongoDB collection: MoviesLinks in database: Database(MongoClient(host=['ac-4wygsq7-shard-00-02.zg5uxhv.mongodb.net:27017', 'ac-4wygsq7-shard-00-00.zg5uxhv.mongodb.net:27017', 'ac-4wygsq7-shard-00-01.zg5uxhv.mongodb.net:27017'], document_class=dict, tz_aware=False, connect=True, retrywrites=True, w='majority', appname='Cluster0', authsource='admin', replicaset='atlas-b6u0p2-shard-0', tls=True, tlscafile='C:\\Users\\Ayush\\NCF-Recommendation\\.venv\\Lib\\site-packages\\certifi\\cacert.pem'), 'MLData')
[ 2025-03-11 05:32:47,327 ] 53 root - INFO - DataFrame created for collection MoviesLinks with shape: (9742, 3)
[ 2025-03-11 05:32:47,327 ] 35 root - INFO - Fetching data from MongoDB collection: MoviesRatings in database: Database(MongoClient(host=['ac-4wygsq7-shard-00-02.zg5uxhv.mongodb.net:27017', 'ac-4wygsq7-shard-00-00.zg5uxhv.mongodb.net:27017', 'ac-4wygsq7-shard-00-01.zg5uxhv.mongodb.net:27017'], document_class=dict, tz_aware=False, connect=True, retrywrites=True, w='majority', appname='Cluster0', authsource='admin', replicaset='atlas-b6u0p2-shard-0', tls=True, tlscafile='C:\\Users\\Ayush\\NCF-Recommendation\\.venv\\Lib\\site-packages\\certifi\\cacert.pem'), 'MLData')
[ 2025-03-11 05:32:49,073 ] 53 root - INFO - DataFrame created for collection MoviesRatings with shape: (100836, 4)
[ 2025-03-11 05:32:49,073 ] 35 root - INFO - Fetching data from MongoDB collection: MoviesTags in database: Database(MongoClient(host=['ac-4wygsq7-shard-00-02.zg5uxhv.mongodb.net:27017', 'ac-4wygsq7-shard-00-00.zg5uxhv.mongodb.net:27017', 'ac-4wygsq7-shard-00-01.zg5uxhv.mongodb.net:27017'], document_class=dict, tz_aware=False, connect=True, retrywrites=True, w='majority', appname='Cluster0', authsource='admin', replicaset='atlas-b6u0p2-shard-0', tls=True, tlscafile='C:\\Users\\Ayush\\NCF-Recommendation\\.venv\\Lib\\site-packages\\certifi\\cacert.pem'), 'MLData')
[ 2025-03-11 05:32:49,337 ] 53 root - INFO - DataFrame created for collection MoviesTags with shape: (3683, 4)
[ 2025-03-11 05:32:49,399 ] 72 root - INFO - Saving DataFrame to feature store at Artifacts\03_11_2025_05_32_30\data_ingestion\feature_store\NCFMovies.csv
[ 2025-03-11 05:32:49,445 ] 75 root - INFO - Data successfully saved to feature store for collection: Movies
[ 2025-03-11 05:32:49,445 ] 89 root - INFO - Exported data from collection: Movies
[ 2025-03-11 05:32:49,446 ] 72 root - INFO - Saving DataFrame to feature store at Artifacts\03_11_2025_05_32_30\data_ingestion\feature_store\NCFMoviesLinks.csv
[ 2025-03-11 05:32:49,496 ] 75 root - INFO - Data successfully saved to feature store for collection: MoviesLinks
[ 2025-03-11 05:32:49,496 ] 89 root - INFO - Exported data from collection: MoviesLinks
[ 2025-03-11 05:32:49,496 ] 72 root - INFO - Saving DataFrame to feature store at Artifacts\03_11_2025_05_32_30\data_ingestion\feature_store\NCFMoviesRatings.csv
[ 2025-03-11 05:32:50,147 ] 75 root - INFO - Data successfully saved to feature store for collection: MoviesRatings
[ 2025-03-11 05:32:50,147 ] 89 root - INFO - Exported data from collection: MoviesRatings
[ 2025-03-11 05:32:50,148 ] 72 root - INFO - Saving DataFrame to feature store at Artifacts\03_11_2025_05_32_30\data_ingestion\feature_store\NCFMoviesTags.csv
[ 2025-03-11 05:32:50,160 ] 75 root - INFO - Data successfully saved to feature store for collection: MoviesTags
[ 2025-03-11 05:32:50,160 ] 89 root - INFO - Exported data from collection: MoviesTags
[ 2025-03-11 05:32:50,160 ] 91 root - INFO - Data ingestion completed successfully.
[ 2025-03-11 05:32:50,162 ] 21 root - INFO - Data Initiation Completed
