[ 2025-03-11 05:14:35,495 ] 1025 httpx - INFO - HTTP Request: GET https://dagshub.com/api/v1/user "HTTP/1.1 200 OK"
[ 2025-03-11 05:14:35,506 ] 107 dagshub - INFO - Accessing as ayushnigam843
[ 2025-03-11 05:14:36,703 ] 1025 httpx - INFO - HTTP Request: GET https://dagshub.com/api/v1/repos/ayushnigam843/Dynamic-Pricing-Online-Retail "HTTP/1.1 200 OK"
[ 2025-03-11 05:14:37,888 ] 1025 httpx - INFO - HTTP Request: GET https://dagshub.com/api/v1/user "HTTP/1.1 200 OK"
[ 2025-03-11 05:14:37,892 ] 107 dagshub - INFO - Initialized MLflow to track repo "ayushnigam843/Dynamic-Pricing-Online-Retail"
[ 2025-03-11 05:14:37,900 ] 107 dagshub - INFO - Repository ayushnigam843/Dynamic-Pricing-Online-Retail initialized!
[ 2025-03-11 05:14:37,900 ] 21 root - INFO - Initialized DataIngestion with config: <src.entity.config_entity.DataIngestionConfig object at 0x000001DD10A63CB0>
[ 2025-03-11 05:14:37,901 ] 19 root - INFO - Initiate the data ingestion
[ 2025-03-11 05:14:37,901 ] 108 root - INFO - Starting data ingestion process...
[ 2025-03-11 05:14:39,103 ] 35 root - INFO - Fetching data from MongoDB collection: MoviesLinks in database: Database(MongoClient(host=['ac-4wygsq7-shard-00-01.zg5uxhv.mongodb.net:27017', 'ac-4wygsq7-shard-00-02.zg5uxhv.mongodb.net:27017', 'ac-4wygsq7-shard-00-00.zg5uxhv.mongodb.net:27017'], document_class=dict, tz_aware=False, connect=True, retrywrites=True, w='majority', appname='Cluster0', authsource='admin', replicaset='atlas-b6u0p2-shard-0', tls=True, tlscafile='C:\\Users\\Ayush\\NCF-Recommendation\\.venv\\Lib\\site-packages\\certifi\\cacert.pem'), 'MLData')
[ 2025-03-11 05:14:41,681 ] 53 root - INFO - DataFrame created for collection MoviesLinks with shape: (9742, 3)
[ 2025-03-11 05:14:41,681 ] 35 root - INFO - Fetching data from MongoDB collection: MoviesLinks in database: Database(MongoClient(host=['ac-4wygsq7-shard-00-01.zg5uxhv.mongodb.net:27017', 'ac-4wygsq7-shard-00-02.zg5uxhv.mongodb.net:27017', 'ac-4wygsq7-shard-00-00.zg5uxhv.mongodb.net:27017'], document_class=dict, tz_aware=False, connect=True, retrywrites=True, w='majority', appname='Cluster0', authsource='admin', replicaset='atlas-b6u0p2-shard-0', tls=True, tlscafile='C:\\Users\\Ayush\\NCF-Recommendation\\.venv\\Lib\\site-packages\\certifi\\cacert.pem'), 'MLData')
[ 2025-03-11 05:14:42,159 ] 53 root - INFO - DataFrame created for collection MoviesLinks with shape: (9742, 3)
[ 2025-03-11 05:14:42,159 ] 35 root - INFO - Fetching data from MongoDB collection: MoviesRatings in database: Database(MongoClient(host=['ac-4wygsq7-shard-00-01.zg5uxhv.mongodb.net:27017', 'ac-4wygsq7-shard-00-02.zg5uxhv.mongodb.net:27017', 'ac-4wygsq7-shard-00-00.zg5uxhv.mongodb.net:27017'], document_class=dict, tz_aware=False, connect=True, retrywrites=True, w='majority', appname='Cluster0', authsource='admin', replicaset='atlas-b6u0p2-shard-0', tls=True, tlscafile='C:\\Users\\Ayush\\NCF-Recommendation\\.venv\\Lib\\site-packages\\certifi\\cacert.pem'), 'MLData')
[ 2025-03-11 05:14:50,744 ] 53 root - INFO - DataFrame created for collection MoviesRatings with shape: (100836, 4)
[ 2025-03-11 05:14:50,744 ] 35 root - INFO - Fetching data from MongoDB collection: MoviesTags in database: Database(MongoClient(host=['ac-4wygsq7-shard-00-01.zg5uxhv.mongodb.net:27017', 'ac-4wygsq7-shard-00-02.zg5uxhv.mongodb.net:27017', 'ac-4wygsq7-shard-00-00.zg5uxhv.mongodb.net:27017'], document_class=dict, tz_aware=False, connect=True, retrywrites=True, w='majority', appname='Cluster0', authsource='admin', replicaset='atlas-b6u0p2-shard-0', tls=True, tlscafile='C:\\Users\\Ayush\\NCF-Recommendation\\.venv\\Lib\\site-packages\\certifi\\cacert.pem'), 'MLData')
[ 2025-03-11 05:14:51,306 ] 53 root - INFO - DataFrame created for collection MoviesTags with shape: (3683, 4)
[ 2025-03-11 05:14:51,308 ] 114 root - INFO - Exported data from collection: MoviesLinks
[ 2025-03-11 05:14:51,309 ] 114 root - INFO - Exported data from collection: MoviesRatings
[ 2025-03-11 05:14:51,309 ] 114 root - INFO - Exported data from collection: MoviesTags
[ 2025-03-11 05:14:51,309 ] 116 root - INFO - Data ingestion completed successfully.
[ 2025-03-11 05:14:51,309 ] 120 root - ERROR - Error in data ingestion process: 'DataIngestion' object has no attribute 'feature_store_file_path'
