[ 2025-03-11 04:43:10,037 ] 1025 httpx - INFO - HTTP Request: GET https://dagshub.com/api/v1/user "HTTP/1.1 200 OK"
[ 2025-03-11 04:43:10,042 ] 107 dagshub - INFO - Accessing as ayushnigam843
[ 2025-03-11 04:43:10,942 ] 1025 httpx - INFO - HTTP Request: GET https://dagshub.com/api/v1/repos/ayushnigam843/Dynamic-Pricing-Online-Retail "HTTP/1.1 200 OK"
[ 2025-03-11 04:43:19,678 ] 1025 httpx - INFO - HTTP Request: GET https://dagshub.com/api/v1/user "HTTP/1.1 200 OK"
[ 2025-03-11 04:43:19,680 ] 107 dagshub - INFO - Initialized MLflow to track repo "ayushnigam843/Dynamic-Pricing-Online-Retail"
[ 2025-03-11 04:43:19,687 ] 107 dagshub - INFO - Repository ayushnigam843/Dynamic-Pricing-Online-Retail initialized!
[ 2025-03-11 04:43:19,688 ] 21 root - INFO - Initialized DataIngestion with config: <src.entity.config_entity.DataIngestionConfig object at 0x000001E623333CB0>
[ 2025-03-11 04:43:19,688 ] 19 root - INFO - Initiate the data ingestion
[ 2025-03-11 04:43:19,688 ] 107 root - INFO - Starting data ingestion process...
[ 2025-03-11 04:43:20,237 ] 35 root - INFO - Fetching data from MongoDB collection: MoviesLinks in database: Database(MongoClient(host=['ac-4wygsq7-shard-00-01.zg5uxhv.mongodb.net:27017', 'ac-4wygsq7-shard-00-00.zg5uxhv.mongodb.net:27017', 'ac-4wygsq7-shard-00-02.zg5uxhv.mongodb.net:27017'], document_class=dict, tz_aware=False, connect=True, retrywrites=True, w='majority', appname='Cluster0', authsource='admin', replicaset='atlas-b6u0p2-shard-0', tls=True, tlscafile='C:\\Users\\Ayush\\NCF-Recommendation\\.venv\\Lib\\site-packages\\certifi\\cacert.pem'), 'MLData')
[ 2025-03-11 04:43:21,670 ] 53 root - INFO - DataFrame created for collection MoviesLinks with shape: (9742, 3)
[ 2025-03-11 04:43:21,670 ] 35 root - INFO - Fetching data from MongoDB collection: MoviesLinks in database: Database(MongoClient(host=['ac-4wygsq7-shard-00-01.zg5uxhv.mongodb.net:27017', 'ac-4wygsq7-shard-00-00.zg5uxhv.mongodb.net:27017', 'ac-4wygsq7-shard-00-02.zg5uxhv.mongodb.net:27017'], document_class=dict, tz_aware=False, connect=True, retrywrites=True, w='majority', appname='Cluster0', authsource='admin', replicaset='atlas-b6u0p2-shard-0', tls=True, tlscafile='C:\\Users\\Ayush\\NCF-Recommendation\\.venv\\Lib\\site-packages\\certifi\\cacert.pem'), 'MLData')
[ 2025-03-11 04:43:21,960 ] 53 root - INFO - DataFrame created for collection MoviesLinks with shape: (9742, 3)
[ 2025-03-11 04:43:21,960 ] 35 root - INFO - Fetching data from MongoDB collection: MoviesRatings in database: Database(MongoClient(host=['ac-4wygsq7-shard-00-01.zg5uxhv.mongodb.net:27017', 'ac-4wygsq7-shard-00-00.zg5uxhv.mongodb.net:27017', 'ac-4wygsq7-shard-00-02.zg5uxhv.mongodb.net:27017'], document_class=dict, tz_aware=False, connect=True, retrywrites=True, w='majority', appname='Cluster0', authsource='admin', replicaset='atlas-b6u0p2-shard-0', tls=True, tlscafile='C:\\Users\\Ayush\\NCF-Recommendation\\.venv\\Lib\\site-packages\\certifi\\cacert.pem'), 'MLData')
[ 2025-03-11 04:43:25,731 ] 53 root - INFO - DataFrame created for collection MoviesRatings with shape: (100836, 4)
[ 2025-03-11 04:43:25,731 ] 35 root - INFO - Fetching data from MongoDB collection: MoviesTags in database: Database(MongoClient(host=['ac-4wygsq7-shard-00-01.zg5uxhv.mongodb.net:27017', 'ac-4wygsq7-shard-00-00.zg5uxhv.mongodb.net:27017', 'ac-4wygsq7-shard-00-02.zg5uxhv.mongodb.net:27017'], document_class=dict, tz_aware=False, connect=True, retrywrites=True, w='majority', appname='Cluster0', authsource='admin', replicaset='atlas-b6u0p2-shard-0', tls=True, tlscafile='C:\\Users\\Ayush\\NCF-Recommendation\\.venv\\Lib\\site-packages\\certifi\\cacert.pem'), 'MLData')
[ 2025-03-11 04:43:25,991 ] 53 root - INFO - DataFrame created for collection MoviesTags with shape: (3683, 4)
[ 2025-03-11 04:43:25,999 ] 73 root - INFO - Saving DataFrame to feature store at Artifacts\03_11_2025_04_43_05\data_ingestion\feature_store\Online Retail.csv
[ 2025-03-11 04:43:26,025 ] 76 root - INFO - Data successfully saved to feature store for collection: MoviesLinks
[ 2025-03-11 04:43:26,025 ] 113 root - INFO - Exported data from collection: MoviesLinks
[ 2025-03-11 04:43:26,026 ] 73 root - INFO - Saving DataFrame to feature store at Artifacts\03_11_2025_04_43_05\data_ingestion\feature_store\Online Retail.csv
[ 2025-03-11 04:43:26,302 ] 76 root - INFO - Data successfully saved to feature store for collection: MoviesRatings
[ 2025-03-11 04:43:26,302 ] 113 root - INFO - Exported data from collection: MoviesRatings
[ 2025-03-11 04:43:26,303 ] 73 root - INFO - Saving DataFrame to feature store at Artifacts\03_11_2025_04_43_05\data_ingestion\feature_store\Online Retail.csv
[ 2025-03-11 04:43:26,308 ] 76 root - INFO - Data successfully saved to feature store for collection: MoviesTags
[ 2025-03-11 04:43:26,308 ] 113 root - INFO - Exported data from collection: MoviesTags
[ 2025-03-11 04:43:26,309 ] 115 root - INFO - Data ingestion completed successfully.
[ 2025-03-11 04:43:26,309 ] 119 root - ERROR - Error in data ingestion process: 'DataIngestion' object has no attribute 'feature_store_file_path'
