[ 2025-03-11 05:20:21,749 ] 1025 httpx - INFO - HTTP Request: GET https://dagshub.com/api/v1/user "HTTP/1.1 200 OK"
[ 2025-03-11 05:20:21,761 ] 107 dagshub - INFO - Accessing as ayushnigam843
[ 2025-03-11 05:20:23,284 ] 1025 httpx - INFO - HTTP Request: GET https://dagshub.com/api/v1/repos/ayushnigam843/Dynamic-Pricing-Online-Retail "HTTP/1.1 200 OK"
[ 2025-03-11 05:20:24,668 ] 1025 httpx - INFO - HTTP Request: GET https://dagshub.com/api/v1/user "HTTP/1.1 200 OK"
[ 2025-03-11 05:20:24,673 ] 107 dagshub - INFO - Initialized MLflow to track repo "ayushnigam843/Dynamic-Pricing-Online-Retail"
[ 2025-03-11 05:20:24,682 ] 107 dagshub - INFO - Repository ayushnigam843/Dynamic-Pricing-Online-Retail initialized!
[ 2025-03-11 05:20:24,683 ] 21 root - INFO - Initialized DataIngestion with config: <src.entity.config_entity.DataIngestionConfig object at 0x00000195A12B3CB0>
[ 2025-03-11 05:20:24,683 ] 19 root - INFO - Initiate the data ingestion
[ 2025-03-11 05:20:24,684 ] 108 root - INFO - Starting data ingestion process...
[ 2025-03-11 05:20:25,815 ] 35 root - INFO - Fetching data from MongoDB collection: MoviesLinks in database: Database(MongoClient(host=['ac-4wygsq7-shard-00-00.zg5uxhv.mongodb.net:27017', 'ac-4wygsq7-shard-00-01.zg5uxhv.mongodb.net:27017', 'ac-4wygsq7-shard-00-02.zg5uxhv.mongodb.net:27017'], document_class=dict, tz_aware=False, connect=True, retrywrites=True, w='majority', appname='Cluster0', authsource='admin', replicaset='atlas-b6u0p2-shard-0', tls=True, tlscafile='C:\\Users\\Ayush\\NCF-Recommendation\\.venv\\Lib\\site-packages\\certifi\\cacert.pem'), 'MLData')
[ 2025-03-11 05:20:28,039 ] 53 root - INFO - DataFrame created for collection MoviesLinks with shape: (9742, 3)
[ 2025-03-11 05:20:28,039 ] 35 root - INFO - Fetching data from MongoDB collection: MoviesLinks in database: Database(MongoClient(host=['ac-4wygsq7-shard-00-00.zg5uxhv.mongodb.net:27017', 'ac-4wygsq7-shard-00-01.zg5uxhv.mongodb.net:27017', 'ac-4wygsq7-shard-00-02.zg5uxhv.mongodb.net:27017'], document_class=dict, tz_aware=False, connect=True, retrywrites=True, w='majority', appname='Cluster0', authsource='admin', replicaset='atlas-b6u0p2-shard-0', tls=True, tlscafile='C:\\Users\\Ayush\\NCF-Recommendation\\.venv\\Lib\\site-packages\\certifi\\cacert.pem'), 'MLData')
[ 2025-03-11 05:20:28,521 ] 53 root - INFO - DataFrame created for collection MoviesLinks with shape: (9742, 3)
[ 2025-03-11 05:20:28,522 ] 35 root - INFO - Fetching data from MongoDB collection: MoviesRatings in database: Database(MongoClient(host=['ac-4wygsq7-shard-00-00.zg5uxhv.mongodb.net:27017', 'ac-4wygsq7-shard-00-01.zg5uxhv.mongodb.net:27017', 'ac-4wygsq7-shard-00-02.zg5uxhv.mongodb.net:27017'], document_class=dict, tz_aware=False, connect=True, retrywrites=True, w='majority', appname='Cluster0', authsource='admin', replicaset='atlas-b6u0p2-shard-0', tls=True, tlscafile='C:\\Users\\Ayush\\NCF-Recommendation\\.venv\\Lib\\site-packages\\certifi\\cacert.pem'), 'MLData')
[ 2025-03-11 05:20:31,755 ] 53 root - INFO - DataFrame created for collection MoviesRatings with shape: (100836, 4)
[ 2025-03-11 05:20:31,755 ] 35 root - INFO - Fetching data from MongoDB collection: MoviesTags in database: Database(MongoClient(host=['ac-4wygsq7-shard-00-00.zg5uxhv.mongodb.net:27017', 'ac-4wygsq7-shard-00-01.zg5uxhv.mongodb.net:27017', 'ac-4wygsq7-shard-00-02.zg5uxhv.mongodb.net:27017'], document_class=dict, tz_aware=False, connect=True, retrywrites=True, w='majority', appname='Cluster0', authsource='admin', replicaset='atlas-b6u0p2-shard-0', tls=True, tlscafile='C:\\Users\\Ayush\\NCF-Recommendation\\.venv\\Lib\\site-packages\\certifi\\cacert.pem'), 'MLData')
[ 2025-03-11 05:20:32,172 ] 53 root - INFO - DataFrame created for collection MoviesTags with shape: (3683, 4)
[ 2025-03-11 05:20:32,176 ] 74 root - INFO - Saving DataFrame to feature store at Artifacts\03_11_2025_05_20_12\data_ingestion\feature_store\Online Retail.csv
[ 2025-03-11 05:20:32,241 ] 77 root - INFO - Data successfully saved to feature store for collection: MoviesLinks
[ 2025-03-11 05:20:32,241 ] 114 root - INFO - Exported data from collection: MoviesLinks
[ 2025-03-11 05:20:32,242 ] 74 root - INFO - Saving DataFrame to feature store at Artifacts\03_11_2025_05_20_12\data_ingestion\feature_store\Online Retail.csv
[ 2025-03-11 05:20:32,858 ] 77 root - INFO - Data successfully saved to feature store for collection: MoviesRatings
[ 2025-03-11 05:20:32,858 ] 114 root - INFO - Exported data from collection: MoviesRatings
[ 2025-03-11 05:20:32,858 ] 74 root - INFO - Saving DataFrame to feature store at Artifacts\03_11_2025_05_20_12\data_ingestion\feature_store\Online Retail.csv
[ 2025-03-11 05:20:32,872 ] 77 root - INFO - Data successfully saved to feature store for collection: MoviesTags
[ 2025-03-11 05:20:32,872 ] 114 root - INFO - Exported data from collection: MoviesTags
[ 2025-03-11 05:20:32,872 ] 116 root - INFO - Data ingestion completed successfully.
[ 2025-03-11 05:20:32,874 ] 21 root - INFO - Data Initiation Completed
