[ 2025-03-11 04:36:17,207 ] 1025 httpx - INFO - HTTP Request: POST https://dagshub.com/login/oauth/middleman "HTTP/1.1 200 OK"
[ 2025-03-11 04:36:17,985 ] 1025 httpx - INFO - HTTP Request: POST https://dagshub.com/login/oauth/access_token "HTTP/1.1 200 OK"
[ 2025-03-11 04:36:18,760 ] 1025 httpx - INFO - HTTP Request: GET https://dagshub.com/api/v1/user "HTTP/1.1 200 OK"
[ 2025-03-11 04:36:18,763 ] 107 dagshub - INFO - Accessing as ayushnigam843
[ 2025-03-11 04:36:19,601 ] 1025 httpx - INFO - HTTP Request: GET https://dagshub.com/api/v1/repos/ayushnigam843/Dynamic-Pricing-Online-Retail "HTTP/1.1 200 OK"
[ 2025-03-11 04:36:20,461 ] 1025 httpx - INFO - HTTP Request: GET https://dagshub.com/api/v1/user "HTTP/1.1 200 OK"
[ 2025-03-11 04:36:20,463 ] 107 dagshub - INFO - Initialized MLflow to track repo "ayushnigam843/Dynamic-Pricing-Online-Retail"
[ 2025-03-11 04:36:20,464 ] 107 dagshub - INFO - Repository ayushnigam843/Dynamic-Pricing-Online-Retail initialized!
[ 2025-03-11 04:36:20,464 ] 21 root - INFO - Initialized DataIngestion with config: <src.entity.config_entity.DataIngestionConfig object at 0x000002213601ABA0>
[ 2025-03-11 04:36:20,464 ] 19 root - INFO - Initiate the data ingestion
[ 2025-03-11 04:36:20,464 ] 103 root - INFO - Starting data ingestion process...
[ 2025-03-11 04:36:21,191 ] 35 root - INFO - Fetching data from MongoDB collection: MoviesLinks in database: Database(MongoClient(host=['ac-4wygsq7-shard-00-02.zg5uxhv.mongodb.net:27017', 'ac-4wygsq7-shard-00-01.zg5uxhv.mongodb.net:27017', 'ac-4wygsq7-shard-00-00.zg5uxhv.mongodb.net:27017'], document_class=dict, tz_aware=False, connect=True, retrywrites=True, w='majority', appname='Cluster0', authsource='admin', replicaset='atlas-b6u0p2-shard-0', tls=True, tlscafile='C:\\Users\\Ayush\\NCF-Recommendation\\.venv\\Lib\\site-packages\\certifi\\cacert.pem'), 'MLData')
[ 2025-03-11 04:36:22,606 ] 53 root - INFO - DataFrame created for collection MoviesLinks with shape: (9742, 3)
[ 2025-03-11 04:36:22,606 ] 35 root - INFO - Fetching data from MongoDB collection: MoviesLinks in database: Database(MongoClient(host=['ac-4wygsq7-shard-00-02.zg5uxhv.mongodb.net:27017', 'ac-4wygsq7-shard-00-01.zg5uxhv.mongodb.net:27017', 'ac-4wygsq7-shard-00-00.zg5uxhv.mongodb.net:27017'], document_class=dict, tz_aware=False, connect=True, retrywrites=True, w='majority', appname='Cluster0', authsource='admin', replicaset='atlas-b6u0p2-shard-0', tls=True, tlscafile='C:\\Users\\Ayush\\NCF-Recommendation\\.venv\\Lib\\site-packages\\certifi\\cacert.pem'), 'MLData')
[ 2025-03-11 04:36:23,029 ] 53 root - INFO - DataFrame created for collection MoviesLinks with shape: (9742, 3)
[ 2025-03-11 04:36:23,029 ] 35 root - INFO - Fetching data from MongoDB collection: MoviesRatings in database: Database(MongoClient(host=['ac-4wygsq7-shard-00-02.zg5uxhv.mongodb.net:27017', 'ac-4wygsq7-shard-00-01.zg5uxhv.mongodb.net:27017', 'ac-4wygsq7-shard-00-00.zg5uxhv.mongodb.net:27017'], document_class=dict, tz_aware=False, connect=True, retrywrites=True, w='majority', appname='Cluster0', authsource='admin', replicaset='atlas-b6u0p2-shard-0', tls=True, tlscafile='C:\\Users\\Ayush\\NCF-Recommendation\\.venv\\Lib\\site-packages\\certifi\\cacert.pem'), 'MLData')
[ 2025-03-11 04:36:25,624 ] 53 root - INFO - DataFrame created for collection MoviesRatings with shape: (100836, 4)
[ 2025-03-11 04:36:25,624 ] 35 root - INFO - Fetching data from MongoDB collection: MoviesTags in database: Database(MongoClient(host=['ac-4wygsq7-shard-00-02.zg5uxhv.mongodb.net:27017', 'ac-4wygsq7-shard-00-01.zg5uxhv.mongodb.net:27017', 'ac-4wygsq7-shard-00-00.zg5uxhv.mongodb.net:27017'], document_class=dict, tz_aware=False, connect=True, retrywrites=True, w='majority', appname='Cluster0', authsource='admin', replicaset='atlas-b6u0p2-shard-0', tls=True, tlscafile='C:\\Users\\Ayush\\NCF-Recommendation\\.venv\\Lib\\site-packages\\certifi\\cacert.pem'), 'MLData')
[ 2025-03-11 04:36:25,886 ] 53 root - INFO - DataFrame created for collection MoviesTags with shape: (3683, 4)
[ 2025-03-11 04:36:25,886 ] 74 root - ERROR - Error exporting data into feature store: 'DataIngestion' object has no attribute 'feature_store_dir'
[ 2025-03-11 04:36:25,887 ] 115 root - ERROR - Error in data ingestion process: Error occurred in python script name [C:\Users\Ayush\NCF-Recommendation\src\components\data_ingestion.py] line number [66] error message ['DataIngestion' object has no attribute 'feature_store_dir']
