[ 2025-03-11 05:23:45,632 ] 1025 httpx - INFO - HTTP Request: GET https://dagshub.com/api/v1/user "HTTP/1.1 200 OK"
[ 2025-03-11 05:23:45,643 ] 107 dagshub - INFO - Accessing as ayushnigam843
[ 2025-03-11 05:23:47,060 ] 1025 httpx - INFO - HTTP Request: GET https://dagshub.com/api/v1/repos/ayushnigam843/Dynamic-Pricing-Online-Retail "HTTP/1.1 200 OK"
[ 2025-03-11 05:23:48,388 ] 1025 httpx - INFO - HTTP Request: GET https://dagshub.com/api/v1/user "HTTP/1.1 200 OK"
[ 2025-03-11 05:23:48,392 ] 107 dagshub - INFO - Initialized MLflow to track repo "ayushnigam843/Dynamic-Pricing-Online-Retail"
[ 2025-03-11 05:23:48,401 ] 107 dagshub - INFO - Repository ayushnigam843/Dynamic-Pricing-Online-Retail initialized!
[ 2025-03-11 05:23:48,401 ] 21 root - INFO - Initialized DataIngestion with config: <src.entity.config_entity.DataIngestionConfig object at 0x0000025747323CB0>
[ 2025-03-11 05:23:48,402 ] 19 root - INFO - Initiate the data ingestion
[ 2025-03-11 05:23:48,402 ] 107 root - INFO - Starting data ingestion process...
[ 2025-03-11 05:23:49,619 ] 35 root - INFO - Fetching data from MongoDB collection: MoviesLinks in database: Database(MongoClient(host=['ac-4wygsq7-shard-00-02.zg5uxhv.mongodb.net:27017', 'ac-4wygsq7-shard-00-00.zg5uxhv.mongodb.net:27017', 'ac-4wygsq7-shard-00-01.zg5uxhv.mongodb.net:27017'], document_class=dict, tz_aware=False, connect=True, retrywrites=True, w='majority', appname='Cluster0', authsource='admin', replicaset='atlas-b6u0p2-shard-0', tls=True, tlscafile='C:\\Users\\Ayush\\NCF-Recommendation\\.venv\\Lib\\site-packages\\certifi\\cacert.pem'), 'MLData')
[ 2025-03-11 05:24:03,279 ] 53 root - INFO - DataFrame created for collection MoviesLinks with shape: (9742, 3)
[ 2025-03-11 05:24:03,279 ] 35 root - INFO - Fetching data from MongoDB collection: MoviesLinks in database: Database(MongoClient(host=['ac-4wygsq7-shard-00-02.zg5uxhv.mongodb.net:27017', 'ac-4wygsq7-shard-00-00.zg5uxhv.mongodb.net:27017', 'ac-4wygsq7-shard-00-01.zg5uxhv.mongodb.net:27017'], document_class=dict, tz_aware=False, connect=True, retrywrites=True, w='majority', appname='Cluster0', authsource='admin', replicaset='atlas-b6u0p2-shard-0', tls=True, tlscafile='C:\\Users\\Ayush\\NCF-Recommendation\\.venv\\Lib\\site-packages\\certifi\\cacert.pem'), 'MLData')
[ 2025-03-11 05:24:03,736 ] 53 root - INFO - DataFrame created for collection MoviesLinks with shape: (9742, 3)
[ 2025-03-11 05:24:03,736 ] 35 root - INFO - Fetching data from MongoDB collection: MoviesRatings in database: Database(MongoClient(host=['ac-4wygsq7-shard-00-02.zg5uxhv.mongodb.net:27017', 'ac-4wygsq7-shard-00-00.zg5uxhv.mongodb.net:27017', 'ac-4wygsq7-shard-00-01.zg5uxhv.mongodb.net:27017'], document_class=dict, tz_aware=False, connect=True, retrywrites=True, w='majority', appname='Cluster0', authsource='admin', replicaset='atlas-b6u0p2-shard-0', tls=True, tlscafile='C:\\Users\\Ayush\\NCF-Recommendation\\.venv\\Lib\\site-packages\\certifi\\cacert.pem'), 'MLData')
[ 2025-03-11 05:24:05,882 ] 53 root - INFO - DataFrame created for collection MoviesRatings with shape: (100836, 4)
[ 2025-03-11 05:24:05,882 ] 35 root - INFO - Fetching data from MongoDB collection: MoviesTags in database: Database(MongoClient(host=['ac-4wygsq7-shard-00-02.zg5uxhv.mongodb.net:27017', 'ac-4wygsq7-shard-00-00.zg5uxhv.mongodb.net:27017', 'ac-4wygsq7-shard-00-01.zg5uxhv.mongodb.net:27017'], document_class=dict, tz_aware=False, connect=True, retrywrites=True, w='majority', appname='Cluster0', authsource='admin', replicaset='atlas-b6u0p2-shard-0', tls=True, tlscafile='C:\\Users\\Ayush\\NCF-Recommendation\\.venv\\Lib\\site-packages\\certifi\\cacert.pem'), 'MLData')
[ 2025-03-11 05:24:06,133 ] 53 root - INFO - DataFrame created for collection MoviesTags with shape: (3683, 4)
[ 2025-03-11 05:24:06,136 ] 73 root - INFO - Saving DataFrame to feature store at Artifacts\03_11_2025_05_23_35\data_ingestion\feature_store\NCFMoviesLinks.csv
[ 2025-03-11 05:24:06,192 ] 76 root - INFO - Data successfully saved to feature store for collection: MoviesLinks
[ 2025-03-11 05:24:06,193 ] 113 root - INFO - Exported data from collection: MoviesLinks
[ 2025-03-11 05:24:06,193 ] 73 root - INFO - Saving DataFrame to feature store at Artifacts\03_11_2025_05_23_35\data_ingestion\feature_store\NCFMoviesRatings.csv
[ 2025-03-11 05:24:06,801 ] 76 root - INFO - Data successfully saved to feature store for collection: MoviesRatings
[ 2025-03-11 05:24:06,802 ] 113 root - INFO - Exported data from collection: MoviesRatings
[ 2025-03-11 05:24:06,802 ] 73 root - INFO - Saving DataFrame to feature store at Artifacts\03_11_2025_05_23_35\data_ingestion\feature_store\NCFMoviesTags.csv
[ 2025-03-11 05:24:06,824 ] 76 root - INFO - Data successfully saved to feature store for collection: MoviesTags
[ 2025-03-11 05:24:06,824 ] 113 root - INFO - Exported data from collection: MoviesTags
[ 2025-03-11 05:24:06,824 ] 115 root - INFO - Data ingestion completed successfully.
[ 2025-03-11 05:24:06,826 ] 21 root - INFO - Data Initiation Completed
